# 
# Steps log generated by SDx
# This log file contains a collection of steps that describe the kernel compilation flow
# Note: Some steps are tagged as internal, these steps are for debugging purposes and 
#       are not expected to be able to run independently.
# 

# The following environment variables are set when running xocc
Environment variables :
------------------------------------------
MODULE_VERSION_STACK=3.2.10
XDG_SESSION_ID=5
HOSTNAME=ip-172-31-30-148.ec2.internal
XILINX_DSP=
SHELL=/bin/bash
TERM=ansi
MAKEFLAGS=OCL_PLATFORM=/home/centos/src/project_data/aws-fpga/SDAccel/aws_platform/xilinx_aws-vu9p-f1_4ddr-xpr-2pr_4_0/xilinx_aws-vu9p-f1_4ddr-xpr-2pr_4_0.xpfm OCL_TARGET=sw_emu
HISTSIZE=1000
SSH_CLIENT=128.84.125.56 51656 22
XILINX_PATH=/home/centos/src/project_data/aws-fpga/patches/AR703530/vivado
MYVIVADO=
AWS_PLATFORM_4DDR=/home/centos/src/project_data/aws-fpga/SDAccel/aws_platform/xilinx_aws-vu9p-f1_4ddr-xpr-2pr_4_0/xilinx_aws-vu9p-f1_4ddr-xpr-2pr_4_0.xpfm
HDK_SHELL_DIR=/home/centos/src/project_data/aws-fpga/hdk/common/shell_v071417d3
HDI_PROCESSOR=x86_64
HDK_SHELL_DESIGN_DIR=/home/centos/src/project_data/aws-fpga/hdk/common/shell_v071417d3/design
SYNTH_COMMON=/opt/Xilinx/SDx/2017.1.op/scripts/rt/data
OCL_TARGET=sw_emu
SSH_TTY=/dev/pts/0
LC_ALL=en_US.utf-8
RT_TCL_PATH=/opt/Xilinx/SDx/2017.1.op/scripts/rt/base_tcl/tcl
RDI_PREPEND_PATH=/opt/Xilinx/SDx/2017.1.op/SDK/bin
RDI_OPT_EXT=.o
MAKEOVERRIDES=${-*-command-variables-*-}
USER=centos
LS_COLORS=rs=0:di=01;34:ln=01;36:mh=00:pi=40;33:so=01;35:do=01;35:bd=40;33;01:cd=40;33;01:or=40;31;01:mi=01;05;37;41:su=37;41:sg=30;43:ca=30;41:tw=30;42:ow=34;42:st=37;44:ex=01;32:*.tar=01;31:*.tgz=01;31:*.arc=01;31:*.arj=01;31:*.taz=01;31:*.lha=01;31:*.lz4=01;31:*.lzh=01;31:*.lzma=01;31:*.tlz=01;31:*.txz=01;31:*.tzo=01;31:*.t7z=01;31:*.zip=01;31:*.z=01;31:*.Z=01;31:*.dz=01;31:*.gz=01;31:*.lrz=01;31:*.lz=01;31:*.lzo=01;31:*.xz=01;31:*.bz2=01;31:*.bz=01;31:*.tbz=01;31:*.tbz2=01;31:*.tz=01;31:*.deb=01;31:*.rpm=01;31:*.jar=01;31:*.war=01;31:*.ear=01;31:*.sar=01;31:*.rar=01;31:*.alz=01;31:*.ace=01;31:*.zoo=01;31:*.cpio=01;31:*.7z=01;31:*.rz=01;31:*.cab=01;31:*.jpg=01;35:*.jpeg=01;35:*.gif=01;35:*.bmp=01;35:*.pbm=01;35:*.pgm=01;35:*.ppm=01;35:*.tga=01;35:*.xbm=01;35:*.xpm=01;35:*.tif=01;35:*.tiff=01;35:*.png=01;35:*.svg=01;35:*.svgz=01;35:*.mng=01;35:*.pcx=01;35:*.mov=01;35:*.mpg=01;35:*.mpeg=01;35:*.m2v=01;35:*.mkv=01;35:*.webm=01;35:*.ogm=01;35:*.mp4=01;35:*.m4v=01;35:*.mp4v=01;35:*.vob=01;35:*.qt=01;35:*.nuv=01;35:*.wmv=01;35:*.asf=01;35:*.rm=01;35:*.rmvb=01;35:*.flc=01;35:*.avi=01;35:*.fli=01;35:*.flv=01;35:*.gl=01;35:*.dl=01;35:*.xcf=01;35:*.xwd=01;35:*.yuv=01;35:*.cgm=01;35:*.emf=01;35:*.axv=01;35:*.anx=01;35:*.ogv=01;35:*.ogx=01;35:*.aac=01;36:*.au=01;36:*.flac=01;36:*.mid=01;36:*.midi=01;36:*.mka=01;36:*.mp3=01;36:*.mpc=01;36:*.ogg=01;36:*.ra=01;36:*.wav=01;36:*.axa=01;36:*.oga=01;36:*.spx=01;36:*.xspf=01;36:
LD_LIBRARY_PATH=/home/centos/src/project_data/aws-fpga/patches/AR703530/vivado/lib/lnx64.o:/opt/Xilinx/SDx/2017.1.op/lib/lnx64.o:/opt/Xilinx/SDx/2017.1.op/tps/lnx64/jre/lib/amd64:/opt/Xilinx/SDx/2017.1.op/tps/lnx64/jre/lib/amd64/server:/opt/Xilinx/SDx/2017.1.op/lib/lnx64.o::/opt/Xilinx/SDx/2017.1.op/lib/lnx64.o:/opt/Xilinx/SDx/2017.1.op/bin/../lnx64/tools/dot/lib
RDI_PATCHROOT=/home/centos/src/project_data/aws-fpga/patches/AR703530/vivado:
TCL_LIBRARY=/opt/Xilinx/SDx/2017.1.op/tps/tcl/tcl8.5
RDI_PLATFORM=lnx64
XILINXD_LICENSE_FILE=/opt/Xilinx/license/XilinxAWS.lic
AWS_PLATFORM=/home/centos/src/project_data/aws-fpga/SDAccel/aws_platform/xilinx_aws-vu9p-f1_4ddr-xpr-2pr_4_0/xilinx_aws-vu9p-f1_4ddr-xpr-2pr_4_0.xpfm
MAKELEVEL=1
RDI_BUILD=yes
MFLAGS=
RT_LIBPATH=/opt/Xilinx/SDx/2017.1.op/scripts/rt/data
RDI_LIBDIR=/home/centos/src/project_data/aws-fpga/patches/AR703530/vivado/lib/lnx64.o:/opt/Xilinx/SDx/2017.1.op/lib/lnx64.o
PATH=/opt/Xilinx/SDx/2017.1.op/bin/../gnu/binutils/bin:/opt/Xilinx/SDx/2017.1.op/SDK/gnu/aarch64/lin/aarch64-linux/bin:/opt/Xilinx/SDx/2017.1.op/bin/../gnu/ppc64le/4.9.3/lnx64/bin:/opt/Xilinx/SDx/2017.1.op/SDK/gnu/aarch32/lin/gcc-arm-linux-gnueabi/bin:/opt/Xilinx/SDx/2017.1.op/Vivado_HLS/lnx64/tools/gcc/bin:/opt/Xilinx/SDx/2017.1.op/bin:/opt/Xilinx/SDx/2017.1.op/tps/lnx64/jre/bin:/opt/Xilinx/SDx/2017.1.op/SDK/bin:/opt/Xilinx/SDx/2017.1.op/Vivado/bin:/opt/Xilinx/SDx/2017.1.op/Vivado_HLS/bin:/home/centos/src/project_data/aws-fpga/hdk/common/scripts:/usr/local/bin:/usr/bin:/usr/local/sbin:/usr/sbin:/srv/git/centos-git-common:/home/centos/.local/bin:/home/centos/bin
MAIL=/var/spool/mail/centos
MODULE_VERSION=3.2.10
HDK_DIR=/home/centos/src/project_data/aws-fpga/hdk
SDK_DIR=/home/centos/src/project_data/aws-fpga/sdk
PWD=/home/centos/src/project_data/AWS_Projects/lab2
XIL_CHECK_TCL_DEBUG=False
_LMFILES_=/usr/local/Modules/3.2.10/modulefiles/sdx
SDACCEL_DIR=/home/centos/src/project_data/aws-fpga/SDAccel
AWS_PLATFORM_4DDR_DEBUG=/home/centos/src/project_data/aws-fpga/SDAccel/aws_platform/xilinx_aws-vu9p-f1_4ddr-xpr-2pr-debug_4_0/xilinx_aws-vu9p-f1_4ddr-xpr-2pr-debug_4_0.xpfm
LANG=en_US.utf-8
XILINX_VIVADO_HLS=/opt/Xilinx/SDx/2017.1.op/Vivado_HLS
MODULEPATH=/usr/local/Modules/versions:/usr/local/Modules/$MODULE_VERSION/modulefiles:/usr/local/Modules/modulefiles
HDK_COMMON_DIR=/home/centos/src/project_data/aws-fpga/hdk/common
HDI_APPROOT=/opt/Xilinx/SDx/2017.1.op
LOADEDMODULES=sdx
OCL_PLATFORM=/home/centos/src/project_data/aws-fpga/SDAccel/aws_platform/xilinx_aws-vu9p-f1_4ddr-xpr-2pr_4_0/xilinx_aws-vu9p-f1_4ddr-xpr-2pr_4_0.xpfm
XILINX_VIVADO=/opt/Xilinx/SDx/2017.1.op/Vivado
HISTCONTROL=ignoredups
XILINX_SDK=/opt/Xilinx/SDx/2017.1.op/SDK
XILINX_OPENCL=/opt/Xilinx/SDx/2017.1.op
ISL_IOSTREAMS_RSA=/opt/Xilinx/SDx/2017.1.op/tps/isl
HOME=/home/centos
SHLVL=3
RDI_BASEROOT=/opt/Xilinx/SDx
RDI_APPROOT=/home/centos/src/project_data/aws-fpga/patches/AR703530/vivado:/opt/Xilinx/SDx/2017.1.op
LOGNAME=centos
PYTHONPATH=/home/centos/src/project_data/aws-fpga/shared/lib:/home/centos/src/project_data/aws-fpga/hdk/common/scripts:/opt/Xilinx/SDx/2017.1.op/bin:/opt/Xilinx/SDx/2017.1.op/Vivado/bin:/opt/Xilinx/SDx/2017.1.op/Vivado_HLS/bin:/usr/local/bin:/usr/bin:/usr/local/sbin:/usr/sbin:/srv/git/centos-git-common:/home/centos/.local/bin:/home/centos/bin
RDI_JAVA_PLATFORM=amd64
LC_CTYPE=en_US.UTF-8
SSH_CONNECTION=128.84.125.56 51656 172.31.30.148 22
RDI_BINROOT=/opt/Xilinx/SDx/2017.1.op/bin
MODULESHOME=/usr/local/Modules/3.2.10
LESSOPEN=||/usr/bin/lesspipe.sh %s
XILINX_SDX=/opt/Xilinx/SDx/2017.1.op
RDI_PROG=/opt/Xilinx/SDx/2017.1.op/bin/unwrapped/lnx64.o/xocc
XDG_RUNTIME_DIR=/run/user/1000
XIL_NO_OVERRIDE=0
XIL_SUPPRESS_OVERRIDE_WARNINGS=1
XILINX_PLANAHEAD=/opt/Xilinx/SDx/2017.1.op
AWS_FPGA_REPO_DIR=/home/centos/src/project_data/aws-fpga
HDIPRELDPATH=/opt/Xilinx/SDx/2017.1.op/lib/lnx64.o::/opt/Xilinx/SDx/2017.1.op/lib/lnx64.o:/opt/Xilinx/SDx/2017.1.op/bin/../lnx64/tools/dot/lib
RDI_DATADIR=/home/centos/src/project_data/aws-fpga/patches/AR703530/vivado/data:/opt/Xilinx/SDx/2017.1.op/data
AWS_PLATFORM_1DDR=/home/centos/src/project_data/aws-fpga/SDAccel/aws_platform/xilinx_aws-vu9p-f1_1ddr-xpr-2pr_4_0/xilinx_aws-vu9p-f1_1ddr-xpr-2pr_4_0.xpfm
BASH_FUNC_module()=() {  eval `/usr/local/Modules/$MODULE_VERSION/bin/modulecmd bash $*`
}
_=/opt/Xilinx/SDx/2017.1.op/bin/unwrapped/lnx64.o/xocc


XOCC command line :
------------------------------------------
/opt/Xilinx/SDx/2017.1.op/bin/unwrapped/lnx64.o/xocc -s -t sw_emu -g --kernel DigitRec --platform /home/centos/src/project_data/aws-fpga/SDAccel/aws_platform/xilinx_aws-vu9p-f1_4ddr-xpr-2pr_4_0/xilinx_aws-vu9p-f1_4ddr-xpr-2pr_4_0.xpfm --max_memory_ports all --report system -o DigitRec.sw_emu.xclbin ./src/ocl/digitrec.cpp 


------------------------------------------
step: performing high-level synthesis for kernel:DigitRec
timestamp: 07 May 2018 01:23:17
launch dir: /home/centos/src/project_data/AWS_Projects/lab2/_xocc_digitrec_DigitRec.sw_emu.dir/impl/kernels/DigitRec
cmd: vivado_hls -f /home/centos/src/project_data/AWS_Projects/lab2/_xocc_digitrec_DigitRec.sw_emu.dir/impl/kernels/DigitRec/DigitRec.tcl -messageDb vivado_hls.pb
------------------------------------------
internal step: generating xclbin xml file
timestamp: 07 May 2018 01:23:17
output: /home/centos/src/project_data/AWS_Projects/lab2/_xocc_digitrec_DigitRec.sw_emu.dir/impl/build/cpu_em/DigitRec.sw_emu/csim/DigitRec.sw_emu.xml
------------------------------------------
internal step: running regiongen
timestamp: 07 May 2018 01:23:17
launch dir: /home/centos/src/project_data/AWS_Projects/lab2/_xocc_digitrec_DigitRec.sw_emu.dir/impl/build/cpu_em/DigitRec.sw_emu/csim
cmd: /opt/Xilinx/SDx/2017.1.op/bin/../runtime/bin/regiongen_new -m /home/centos/src/project_data/AWS_Projects/lab2/_xocc_digitrec_DigitRec.sw_emu.dir/impl/build/cpu_em/DigitRec.sw_emu/csim/DigitRec.sw_emu.xml -t alg -o xcl_top
status: success
------------------------------------------
internal step: running gcc to generate obj files for kernel source
timestamp: 07 May 2018 01:23:18
launch dir: /home/centos/src/project_data/AWS_Projects/lab2/_xocc_digitrec_DigitRec.sw_emu.dir/impl/build/cpu_em/DigitRec.sw_emu/csim/DigitRec
cmd: /opt/Xilinx/SDx/2017.1.op/Vivado_HLS/lnx64/tools/gcc/bin/gcc -I . -I /opt/Xilinx/SDx/2017.1.op/Vivado_HLS/bin/../include -I /opt/Xilinx/SDx/2017.1.op/Vivado_HLS/bin/../lnx64/tools/auto_cc/include -I /opt/Xilinx/SDx/2017.1.op/bin/../common/technology/autopilot/opencl -I /home/centos/src/project_data/AWS_Projects/lab2/src/ocl -g -fPIC -g -c -std=c99 -MD -MT obj/digitrec.o -MP -MF obj/digitrec.Cd /home/centos/src/project_data/AWS_Projects/lab2/src/ocl/digitrec.cpp -o obj/digitrec.o
status: success
------------------------------------------
internal step: running ar to generate .csim_cu.a
timestamp: 07 May 2018 01:23:18
launch dir: /home/centos/src/project_data/AWS_Projects/lab2/_xocc_digitrec_DigitRec.sw_emu.dir/impl/build/cpu_em/DigitRec.sw_emu/csim/DigitRec
cmd: /opt/Xilinx/SDx/2017.1.op/bin/../gnu/binutils/bin/ar -cr /home/centos/src/project_data/AWS_Projects/lab2/_xocc_digitrec_DigitRec.sw_emu.dir/impl/build/cpu_em/DigitRec.sw_emu/csim/DigitRec/DigitRec.csim_cu.a /home/centos/src/project_data/AWS_Projects/lab2/_xocc_digitrec_DigitRec.sw_emu.dir/impl/build/cpu_em/DigitRec.sw_emu/csim/DigitRec/obj/digitrec.o
status: success
------------------------------------------
internal step: compiling xcl_top.cpp to obj/xcl_top.o
timestamp: 07 May 2018 01:23:18
launch dir: /home/centos/src/project_data/AWS_Projects/lab2/_xocc_digitrec_DigitRec.sw_emu.dir/impl/build/cpu_em/DigitRec.sw_emu/csim
cmd: /usr/bin/env PATH=/usr/bin:/bin /usr/bin/g++ -I . -I /opt/Xilinx/SDx/2017.1.op/Vivado_HLS/bin/../include -I /opt/Xilinx/SDx/2017.1.op/bin/../common/technology/autopilot/opencl -I /opt/Xilinx/SDx/2017.1.op/Vivado_HLS/bin/../lnx64/tools/auto_cc/include -fPIC -g -fpermissive -c -MD -MT obj/xcl_top.o -MP -MF obj/xcl_top.CXXd xcl_top.cpp -o obj/xcl_top.o
status: success
------------------------------------------
internal step: running g++ to generate .so
timestamp: 07 May 2018 01:23:19
launch dir: /home/centos/src/project_data/AWS_Projects/lab2/_xocc_digitrec_DigitRec.sw_emu.dir/impl/build/cpu_em/DigitRec.sw_emu/csim
cmd: /usr/bin/env PATH=/usr/bin:/bin /usr/bin/g++ -fPIC -Wall -shared -Wl,--whole-archive,-soname,DigitRec.sw_emu.so -o DigitRec.sw_emu.so DigitRec/DigitRec.csim_cu.a obj/xcl_top.o -Wl,--no-whole-archive -Wl,--as-needed -L /opt/Xilinx/SDx/2017.1.op/Vivado_HLS/bin/../lib/lnx64.o -lhlsmathsim -L /opt/Xilinx/SDx/2017.1.op/Vivado_HLS/bin/../lnx64/tools/fpo_v7_0 -lgmp -lmpfr -lIp_floating_point_v7_0_bitacc_cmodel -Wl,-rpath,/opt/Xilinx/SDx/2017.1.op/Vivado_HLS/bin/../lnx64/tools/fpo_v7_0 -L /opt/Xilinx/SDx/2017.1.op/Vivado_HLS/bin/../lnx64/tools/fft_v9_0 -lIp_xfft_v9_0_bitacc_cmodel -L /opt/Xilinx/SDx/2017.1.op/Vivado_HLS/bin/../lnx64/tools/fir_v7_0 -lgmp -lIp_fir_compiler_v7_2_bitacc_cmodel
status: success
------------------------------------------
internal step: running xclbincat to generate xclbin
timestamp: 07 May 2018 01:23:19
launch dir: /home/centos/src/project_data/AWS_Projects/lab2/_xocc_digitrec_DigitRec.sw_emu.dir/impl/build/cpu_em/DigitRec.sw_emu/csim
cmd: /opt/Xilinx/SDx/2017.1.op/bin/../runtime/bin/xclbincat -nobitstream /home/centos/src/project_data/AWS_Projects/lab2/_xocc_digitrec_DigitRec.sw_emu.dir/impl/build/cpu_em/DigitRec.sw_emu/csim/DigitRec.sw_emu.so -k mode:sw_emu -k featureRomTimestamp:0 -k platformVBNV:xilinx:aws-vu9p-f1:4ddr-xpr-2pr:4.0 /home/centos/src/project_data/AWS_Projects/lab2/_xocc_digitrec_DigitRec.sw_emu.dir/impl/build/cpu_em/DigitRec.sw_emu/csim/DigitRec.sw_emu.xml /home/centos/src/project_data/AWS_Projects/lab2/_xocc_digitrec_DigitRec.sw_emu.dir/impl/build/cpu_em/DigitRec.sw_emu/csim/DigitRec.sw_emu.xcp --debugdata /dev/null
status: success
------------------------------------------
sw emulation completed
timestamp: 07 May 2018 01:23:19
------------------------------------------
internal step: generating system estimate report file
timestamp: 07 May 2018 01:23:19
output: ./system_estimate.xtxt
