

================================================================
== Vivado HLS Report for 'knn_vote'
================================================================
* Date:           Mon May  7 01:22:43 2018

* Version:        2017.1 (Build 1846317 on Fri Jul 14 12:21:14 MDT 2017)
* Project:        DigitRec
* Solution:       solution_OCL_REGION_0
* Product family: virtexuplus
* Target device:  xcvu9p-flgb2104-2-i


================================================================
== Performance Estimates
================================================================
+ Timing (ns): 
    * Summary: 
    +--------+-------+----------+------------+
    |  Clock | Target| Estimated| Uncertainty|
    +--------+-------+----------+------------+
    |ap_clk  |   4.00|      2.67|        1.08|
    +--------+-------+----------+------------+

+ Latency (clock cycles): 
    * Summary: 
    +-----+-----+-----+-----+---------+
    |  Latency  |  Interval | Pipeline|
    | min | max | min | max |   Type  |
    +-----+-----+-----+-----+---------+
    |   76|   76|   76|   76|   none  |
    +-----+-----+-----+-----+---------+

    + Detail: 
        * Instance: 
        N/A

        * Loop: 
        +----------+-----+-----+----------+-----------+-----------+------+----------+
        |          |  Latency  | Iteration|  Initiation Interval  | Trip |          |
        | Loop Name| min | max |  Latency |  achieved |   target  | Count| Pipelined|
        +----------+-----+-----+----------+-----------+-----------+------+----------+
        |- Loop 1  |   10|   10|         1|          -|          -|    10|    no    |
        |- Loop 2  |   51|   51|        18|         17|          1|     3|    yes   |
        |- Loop 3  |   10|   10|         2|          1|          1|    10|    yes   |
        +----------+-----+-----+----------+-----------+-----------+------+----------+



================================================================
== Utilization Estimates
================================================================
* Summary: 
+-----------------+---------+-------+---------+---------+-----+
|       Name      | BRAM_18K| DSP48E|    FF   |   LUT   | URAM|
+-----------------+---------+-------+---------+---------+-----+
|DSP              |        -|      -|        -|        -|    -|
|Expression       |        -|      -|        0|     1060|    -|
|FIFO             |        -|      -|        -|        -|    -|
|Instance         |        -|      -|        -|        -|    -|
|Memory           |        0|      -|       64|        5|    -|
|Multiplexer      |        -|      -|        -|      394|    -|
|Register         |        -|      -|      234|        -|    -|
+-----------------+---------+-------+---------+---------+-----+
|Total            |        0|      0|      298|     1459|    0|
+-----------------+---------+-------+---------+---------+-----+
|Available        |     4320|   6840|  2364480|  1182240|  960|
+-----------------+---------+-------+---------+---------+-----+
|Utilization (%)  |        0|      0|    ~0   |    ~0   |    0|
+-----------------+---------+-------+---------+---------+-----+

+ Detail: 
    * Instance: 
    N/A

    * DSP48: 
    N/A

    * Memory: 
    +---------+----------------+---------+----+----+------+-----+------+-------------+
    |  Memory |     Module     | BRAM_18K| FF | LUT| Words| Bits| Banks| W*Bits*Banks|
    +---------+----------------+---------+----+----+------+-----+------+-------------+
    |score_U  |knn_vote_score  |        0|  64|   5|    10|   32|     1|          320|
    +---------+----------------+---------+----+----+------+-----+------+-------------+
    |Total    |                |        0|  64|   5|    10|   32|     1|          320|
    +---------+----------------+---------+----+----+------+-----+------+-------------+

    * FIFO: 
    N/A

    * Expression: 
    +--------------------------------------------+----------+-------+---+----+------------+------------+
    |                Variable Name               | Operation| DSP48E| FF| LUT| Bitwidth P0| Bitwidth P1|
    +--------------------------------------------+----------+-------+---+----+------------+------------+
    |i_1_fu_466_p2                               |     +    |      0|  0|  12|           4|           1|
    |i_2_fu_1360_p2                              |     +    |      0|  0|  12|           4|           1|
    |k_1_fu_483_p2                               |     +    |      0|  0|   9|           2|           1|
    |r_V_1_fu_1336_p2                            |     +    |      0|  0|  44|          37|          37|
    |tmp_3_fu_1347_p2                            |     +    |      0|  0|  39|          32|           1|
    |r_V_fu_1318_p2                              |     -    |      0|  0|  15|           7|           7|
    |exitcond2_fu_460_p2                         |   icmp   |      0|  0|   9|           4|           4|
    |exitcond3_fu_477_p2                         |   icmp   |      0|  0|   8|           2|           2|
    |exitcond_fu_1354_p2                         |   icmp   |      0|  0|   9|           4|           4|
    |tmp_1_fu_1371_p2                            |   icmp   |      0|  0|  20|          32|          32|
    |tmp_9_0_1_fu_503_p2                         |   icmp   |      0|  0|  11|           6|           6|
    |tmp_9_0_2_fu_517_p2                         |   icmp   |      0|  0|  11|           6|           6|
    |tmp_9_1_1_fu_543_p2                         |   icmp   |      0|  0|  11|           6|           6|
    |tmp_9_1_2_fu_555_p2                         |   icmp   |      0|  0|  11|           6|           6|
    |tmp_9_1_fu_529_p2                           |   icmp   |      0|  0|  11|           6|           6|
    |tmp_9_2_1_fu_581_p2                         |   icmp   |      0|  0|  11|           6|           6|
    |tmp_9_2_2_fu_595_p2                         |   icmp   |      0|  0|  11|           6|           6|
    |tmp_9_2_fu_569_p2                           |   icmp   |      0|  0|  11|           6|           6|
    |tmp_9_3_1_fu_749_p2                         |   icmp   |      0|  0|  11|           6|           6|
    |tmp_9_3_2_fu_761_p2                         |   icmp   |      0|  0|  11|           6|           6|
    |tmp_9_3_fu_607_p2                           |   icmp   |      0|  0|  11|           6|           6|
    |tmp_9_4_1_fu_787_p2                         |   icmp   |      0|  0|  11|           6|           6|
    |tmp_9_4_2_fu_869_p2                         |   icmp   |      0|  0|  11|           6|           6|
    |tmp_9_4_fu_775_p2                           |   icmp   |      0|  0|  11|           6|           6|
    |tmp_9_5_1_fu_895_p2                         |   icmp   |      0|  0|  11|           6|           6|
    |tmp_9_5_2_fu_907_p2                         |   icmp   |      0|  0|  11|           6|           6|
    |tmp_9_5_fu_881_p2                           |   icmp   |      0|  0|  11|           6|           6|
    |tmp_9_6_1_fu_970_p2                         |   icmp   |      0|  0|  11|           6|           6|
    |tmp_9_6_2_fu_1022_p2                        |   icmp   |      0|  0|  11|           6|           6|
    |tmp_9_6_fu_958_p2                           |   icmp   |      0|  0|  11|           6|           6|
    |tmp_9_7_1_fu_1076_p2                        |   icmp   |      0|  0|  11|           6|           6|
    |tmp_9_7_2_fu_1088_p2                        |   icmp   |      0|  0|  11|           6|           6|
    |tmp_9_7_fu_1034_p2                          |   icmp   |      0|  0|  11|           6|           6|
    |tmp_9_8_1_fu_1114_p2                        |   icmp   |      0|  0|  11|           6|           6|
    |tmp_9_8_2_fu_1196_p2                        |   icmp   |      0|  0|  11|           6|           6|
    |tmp_9_8_fu_1102_p2                          |   icmp   |      0|  0|  11|           6|           6|
    |tmp_9_9_1_fu_1226_p2                        |   icmp   |      0|  0|  11|           6|           6|
    |tmp_9_9_2_fu_1238_p2                        |   icmp   |      0|  0|  11|           6|           6|
    |tmp_9_9_fu_1208_p2                          |   icmp   |      0|  0|  11|           6|           6|
    |tmp_9_fu_489_p2                             |   icmp   |      0|  0|  11|           6|           5|
    |tmp_10_fu_705_p2                            |    or    |      0|  0|   9|           1|           1|
    |tmp_11_fu_730_p2                            |    or    |      0|  0|   9|           1|           1|
    |tmp_12_fu_814_p2                            |    or    |      0|  0|   9|           1|           1|
    |tmp_13_fu_832_p2                            |    or    |      0|  0|   9|           1|           1|
    |tmp_14_fu_844_p2                            |    or    |      0|  0|   9|           1|           1|
    |tmp_15_fu_921_p2                            |    or    |      0|  0|   9|           1|           1|
    |tmp_16_fu_939_p2                            |    or    |      0|  0|   9|           1|           1|
    |tmp_17_fu_997_p2                            |    or    |      0|  0|   9|           1|           1|
    |tmp_18_fu_1009_p2                           |    or    |      0|  0|   9|           1|           1|
    |tmp_19_fu_1057_p2                           |    or    |      0|  0|   9|           1|           1|
    |tmp_20_fu_1141_p2                           |    or    |      0|  0|   9|           1|           1|
    |tmp_21_fu_1159_p2                           |    or    |      0|  0|   9|           1|           1|
    |tmp_22_fu_1171_p2                           |    or    |      0|  0|   9|           1|           1|
    |tmp_23_fu_1222_p2                           |    or    |      0|  0|   9|           1|           1|
    |tmp_24_fu_1244_p2                           |    or    |      0|  0|   9|           1|           1|
    |tmp_5_fu_621_p2                             |    or    |      0|  0|   9|           1|           1|
    |tmp_6_fu_647_p2                             |    or    |      0|  0|   9|           1|           1|
    |tmp_7_fu_674_p2                             |    or    |      0|  0|   9|           1|           1|
    |tmp_8_fu_693_p2                             |    or    |      0|  0|   9|           1|           1|
    |knn_set_V_load_10_080_2_3_fu_754_p3         |  select  |      0|  0|   6|           1|           6|
    |knn_set_V_load_13_080_2_4_fu_793_p3         |  select  |      0|  0|   6|           1|           6|
    |knn_set_V_load_16_080_2_5_fu_900_p3         |  select  |      0|  0|   6|           1|           6|
    |knn_set_V_load_19_080_2_6_fu_976_p3         |  select  |      0|  0|   6|           1|           6|
    |knn_set_V_load_1_080_2_fu_509_p3            |  select  |      0|  0|   6|           1|           6|
    |knn_set_V_load_22_080_2_7_fu_1081_p3        |  select  |      0|  0|   6|           1|           6|
    |knn_set_V_load_25_080_2_8_fu_1120_p3        |  select  |      0|  0|   6|           1|           6|
    |knn_set_V_load_28_080_2_9_fu_1231_p3        |  select  |      0|  0|   6|           1|           6|
    |knn_set_V_load_4_080_2_1_fu_548_p3          |  select  |      0|  0|   6|           1|           6|
    |knn_set_V_load_7_080_2_2_fu_587_p3          |  select  |      0|  0|   6|           1|           6|
    |max_score_2_max_score_fu_1385_p3            |  select  |      0|  0|  32|           1|          32|
    |min_dist_record_2_0_2_cast_cast_fu_659_p3   |  select  |      0|  0|   2|           1|           1|
    |min_dist_record_2_1_2_fu_685_p3             |  select  |      0|  0|   3|           1|           3|
    |min_dist_record_2_1_fu_666_p3               |  select  |      0|  0|   3|           1|           3|
    |min_dist_record_2_2_2_cast_cast_fu_734_p3   |  select  |      0|  0|   2|           1|           1|
    |min_dist_record_2_3_2_fu_825_p3             |  select  |      0|  0|   3|           1|           3|
    |min_dist_record_2_3_fu_741_p3               |  select  |      0|  0|   3|           1|           3|
    |min_dist_record_2_4_2_cast_cast_fu_925_p3   |  select  |      0|  0|   2|           1|           1|
    |min_dist_record_2_5_2_fu_950_p3             |  select  |      0|  0|   3|           1|           3|
    |min_dist_record_2_5_fu_932_p3               |  select  |      0|  0|   3|           1|           3|
    |min_dist_record_2_6_2_cast_cast_fu_1061_p3  |  select  |      0|  0|   2|           1|           1|
    |min_dist_record_2_7_2_fu_1152_p3            |  select  |      0|  0|   3|           1|           3|
    |min_dist_record_2_7_fu_1068_p3              |  select  |      0|  0|   3|           1|           3|
    |min_dist_record_2_8_2_cast_cast_fu_1263_p3  |  select  |      0|  0|   2|           1|           1|
    |min_dist_record_2_9_2_fu_1290_p3            |  select  |      0|  0|   3|           1|           3|
    |min_dist_record_2_9_fu_1270_p3              |  select  |      0|  0|   3|           1|           3|
    |min_index_V_agg_result_V_fu_1377_p3         |  select  |      0|  0|   4|           1|           4|
    |p_072_2_1_2_cast_fu_697_p3                  |  select  |      0|  0|   2|           1|           2|
    |p_072_2_1_fu_651_p3                         |  select  |      0|  0|   4|           1|           4|
    |p_072_2_2_2_cast_cast_fu_801_p3             |  select  |      0|  0|   2|           1|           2|
    |p_072_2_2_fu_711_p3                         |  select  |      0|  0|   4|           1|           4|
    |p_072_2_3_2_cast_fu_836_p3                  |  select  |      0|  0|   3|           1|           3|
    |p_072_2_3_fu_808_p3                         |  select  |      0|  0|   4|           1|           4|
    |p_072_2_4_2_cast_cast_fu_984_p3             |  select  |      0|  0|   3|           1|           3|
    |p_072_2_4_fu_850_p3                         |  select  |      0|  0|   4|           1|           4|
    |p_072_2_5_2_cast_fu_1001_p3                 |  select  |      0|  0|   3|           1|           3|
    |p_072_2_5_fu_991_p3                         |  select  |      0|  0|   4|           1|           4|
    |p_072_2_6_2_cast_cast_fu_1128_p3            |  select  |      0|  0|   3|           1|           3|
    |p_072_2_6_fu_1014_p3                        |  select  |      0|  0|   4|           1|           4|
    |p_072_2_7_2_fu_1163_p3                      |  select  |      0|  0|   5|           1|           5|
    |p_072_2_7_fu_1135_p3                        |  select  |      0|  0|   4|           1|           4|
    |p_072_2_8_2_fu_1250_p3                      |  select  |      0|  0|   5|           1|           4|
    |p_072_2_8_fu_1177_p3                        |  select  |      0|  0|   4|           1|           4|
    |p_072_2_9_2_fu_1276_p3                      |  select  |      0|  0|   4|           1|           4|
    |p_072_2_9_fu_1257_p3                        |  select  |      0|  0|   4|           1|           4|
    |p_072_2_fu_625_p3                           |  select  |      0|  0|   4|           1|           1|
    |p_080_2_0_2_fu_522_p3                       |  select  |      0|  0|   6|           1|           6|
    |p_080_2_1_2_fu_561_p3                       |  select  |      0|  0|   6|           1|           6|
    |p_080_2_1_fu_535_p3                         |  select  |      0|  0|   6|           1|           6|
    |p_080_2_2_2_fu_600_p3                       |  select  |      0|  0|   6|           1|           6|
    |p_080_2_2_fu_574_p3                         |  select  |      0|  0|   6|           1|           6|
    |p_080_2_3_2_fu_767_p3                       |  select  |      0|  0|   6|           1|           6|
    |p_080_2_3_fu_613_p3                         |  select  |      0|  0|   6|           1|           6|
    |p_080_2_4_2_fu_874_p3                       |  select  |      0|  0|   6|           1|           6|
    |p_080_2_4_fu_780_p3                         |  select  |      0|  0|   6|           1|           6|
    |p_080_2_5_2_fu_913_p3                       |  select  |      0|  0|   6|           1|           6|
    |p_080_2_5_fu_887_p3                         |  select  |      0|  0|   6|           1|           6|
    |p_080_2_6_2_fu_1027_p3                      |  select  |      0|  0|   6|           1|           6|
    |p_080_2_6_fu_963_p3                         |  select  |      0|  0|   6|           1|           6|
    |p_080_2_7_2_fu_1094_p3                      |  select  |      0|  0|   6|           1|           6|
    |p_080_2_7_fu_1040_p3                        |  select  |      0|  0|   6|           1|           6|
    |p_080_2_8_2_fu_1201_p3                      |  select  |      0|  0|   6|           1|           6|
    |p_080_2_8_fu_1107_p3                        |  select  |      0|  0|   6|           1|           6|
    |p_080_2_9_fu_1214_p3                        |  select  |      0|  0|   6|           1|           6|
    |p_080_2_fu_495_p3                           |  select  |      0|  0|   6|           1|           6|
    |p_min_dist_record_2_1_cast_cast_fu_678_p3   |  select  |      0|  0|   2|           1|           2|
    |p_min_dist_record_2_2_fu_722_p3             |  select  |      0|  0|   3|           1|           3|
    |p_min_dist_record_2_3_cast_cast_fu_818_p3   |  select  |      0|  0|   2|           1|           2|
    |p_min_dist_record_2_4_fu_861_p3             |  select  |      0|  0|   3|           1|           3|
    |p_min_dist_record_2_5_cast_cast_fu_943_p3   |  select  |      0|  0|   2|           1|           2|
    |p_min_dist_record_2_6_fu_1051_p3            |  select  |      0|  0|   3|           1|           3|
    |p_min_dist_record_2_7_cast_cast_fu_1145_p3  |  select  |      0|  0|   2|           1|           2|
    |p_min_dist_record_2_8_fu_1188_p3            |  select  |      0|  0|   3|           1|           3|
    |p_min_dist_record_2_9_cast_cast_fu_1283_p3  |  select  |      0|  0|   2|           1|           2|
    |p_min_dist_record_2_fu_636_p3               |  select  |      0|  0|   4|           1|           3|
    |ap_enable_pp0                               |    xor   |      0|  0|   9|           1|           2|
    |ap_enable_pp1                               |    xor   |      0|  0|   9|           1|           2|
    |ap_enable_reg_pp0_iter1                     |    xor   |      0|  0|   9|           1|           2|
    |ap_enable_reg_pp1_iter1                     |    xor   |      0|  0|   9|           1|           2|
    +--------------------------------------------+----------+-------+---+----+------------+------------+
    |Total                                       |          |      0|  0|1060|         406|         632|
    +--------------------------------------------+----------+-------+---+----+------------+------------+

    * Multiplexer: 
    +---------------------------+-----+-----------+-----+-----------+
    |            Name           | LUT | Input Size| Bits| Total Bits|
    +---------------------------+-----+-----------+-----+-----------+
    |agg_result_V_reg_424       |    9|          2|    4|          8|
    |ap_NS_fsm                  |  109|         23|    1|         23|
    |ap_enable_reg_pp0_iter1    |   15|          3|    1|          3|
    |ap_enable_reg_pp1_iter1    |   15|          3|    1|          3|
    |i_reg_402                  |    9|          2|    4|          8|
    |k_phi_fu_417_p4            |    9|          2|    2|          4|
    |k_reg_413                  |    9|          2|    2|          4|
    |knn_set_V_address0         |   85|         17|    5|         85|
    |knn_set_V_address1         |   65|         16|    5|         80|
    |max_score_reg_436          |    9|          2|   32|         64|
    |min_index_V_phi_fu_452_p4  |    9|          2|    4|          8|
    |min_index_V_reg_448        |    9|          2|    4|          8|
    |score_address0             |   27|          5|    4|         20|
    |score_d0                   |   15|          3|   32|         96|
    +---------------------------+-----+-----------+-----+-----------+
    |Total                      |  394|         84|  101|        414|
    +---------------------------+-----+-----------+-----+-----------+

    * Register: 
    +------------------------------------+----+----+-----+-----------+
    |                Name                | FF | LUT| Bits| Const Bits|
    +------------------------------------+----+----+-----+-----------+
    |agg_result_V_reg_424                |   4|   0|    4|          0|
    |ap_CS_fsm                           |  22|   0|   22|          0|
    |ap_enable_reg_pp0_iter0             |   1|   0|    1|          0|
    |ap_enable_reg_pp0_iter1             |   1|   0|    1|          0|
    |ap_enable_reg_pp1_iter0             |   1|   0|    1|          0|
    |ap_enable_reg_pp1_iter1             |   1|   0|    1|          0|
    |exitcond3_reg_1552                  |   1|   0|    1|          0|
    |exitcond_reg_1896                   |   1|   0|    1|          0|
    |i_2_reg_1900                        |   4|   0|    4|          0|
    |i_reg_402                           |   4|   0|    4|          0|
    |k_1_reg_1556                        |   2|   0|    2|          0|
    |k_reg_413                           |   2|   0|    2|          0|
    |knn_set_V_load_13_080_2_4_reg_1691  |   6|   0|    6|          0|
    |knn_set_V_load_19_080_2_6_reg_1768  |   6|   0|    6|          0|
    |knn_set_V_load_1_080_2_reg_1572     |   6|   0|    6|          0|
    |knn_set_V_load_25_080_2_8_reg_1840  |   6|   0|    6|          0|
    |knn_set_V_load_7_080_2_2_reg_1624   |   6|   0|    6|          0|
    |max_score_reg_436                   |  32|   0|   32|          0|
    |min_dist_record_2_3_reg_1658        |   3|   0|    3|          0|
    |min_dist_record_2_5_2_reg_1752      |   3|   0|    3|          0|
    |min_dist_record_2_7_reg_1807        |   3|   0|    3|          0|
    |min_index_V_reg_448                 |   4|   0|    4|          0|
    |p_072_2_2_reg_1648                  |   3|   0|    4|          1|
    |p_072_2_4_reg_1697                  |   4|   0|    4|          0|
    |p_072_2_6_reg_1779                  |   4|   0|    4|          0|
    |p_072_2_8_reg_1846                  |   4|   0|    4|          0|
    |p_080_2_1_2_reg_1607                |   6|   0|    6|          0|
    |p_080_2_1_reg_1590                  |   6|   0|    6|          0|
    |p_080_2_3_2_reg_1674                |   6|   0|    6|          0|
    |p_080_2_3_reg_1642                  |   6|   0|    6|          0|
    |p_080_2_5_2_reg_1736                |   6|   0|    6|          0|
    |p_080_2_5_reg_1719                  |   6|   0|    6|          0|
    |p_080_2_7_2_reg_1823                |   6|   0|    6|          0|
    |p_080_2_7_reg_1796                  |   6|   0|    6|          0|
    |p_080_2_9_reg_1868                  |   6|   0|    6|          0|
    |p_min_dist_record_2_4_reg_1702      |   3|   0|    3|          0|
    |p_min_dist_record_2_8_reg_1851      |   3|   0|    3|          0|
    |score_addr_2_reg_1891               |   4|   0|    4|          0|
    |tmp_11_reg_1653                     |   1|   0|    1|          0|
    |tmp_15_reg_1742                     |   1|   0|    1|          0|
    |tmp_16_reg_1747                     |   1|   0|    1|          0|
    |tmp_17_reg_1774                     |   1|   0|    1|          0|
    |tmp_19_reg_1802                     |   1|   0|    1|          0|
    |tmp_23_reg_1874                     |   1|   0|    1|          0|
    |tmp_24_reg_1885                     |   1|   0|    1|          0|
    |tmp_9_0_1_reg_1566                  |   1|   0|    1|          0|
    |tmp_9_0_2_reg_1578                  |   1|   0|    1|          0|
    |tmp_9_1_1_reg_1596                  |   1|   0|    1|          0|
    |tmp_9_1_2_reg_1601                  |   1|   0|    1|          0|
    |tmp_9_1_reg_1583                    |   1|   0|    1|          0|
    |tmp_9_2_1_reg_1618                  |   1|   0|    1|          0|
    |tmp_9_2_2_reg_1630                  |   1|   0|    1|          0|
    |tmp_9_2_reg_1613                    |   1|   0|    1|          0|
    |tmp_9_3_1_reg_1663                  |   1|   0|    1|          0|
    |tmp_9_3_2_reg_1668                  |   1|   0|    1|          0|
    |tmp_9_3_reg_1635                    |   1|   0|    1|          0|
    |tmp_9_4_1_reg_1685                  |   1|   0|    1|          0|
    |tmp_9_4_2_reg_1707                  |   1|   0|    1|          0|
    |tmp_9_4_reg_1680                    |   1|   0|    1|          0|
    |tmp_9_5_1_reg_1725                  |   1|   0|    1|          0|
    |tmp_9_5_2_reg_1730                  |   1|   0|    1|          0|
    |tmp_9_5_reg_1712                    |   1|   0|    1|          0|
    |tmp_9_6_1_reg_1762                  |   1|   0|    1|          0|
    |tmp_9_6_2_reg_1784                  |   1|   0|    1|          0|
    |tmp_9_6_reg_1757                    |   1|   0|    1|          0|
    |tmp_9_7_1_reg_1812                  |   1|   0|    1|          0|
    |tmp_9_7_2_reg_1817                  |   1|   0|    1|          0|
    |tmp_9_7_reg_1789                    |   1|   0|    1|          0|
    |tmp_9_8_1_reg_1834                  |   1|   0|    1|          0|
    |tmp_9_8_2_reg_1856                  |   1|   0|    1|          0|
    |tmp_9_8_reg_1829                    |   1|   0|    1|          0|
    |tmp_9_9_2_reg_1880                  |   1|   0|    1|          0|
    |tmp_9_9_reg_1861                    |   1|   0|    1|          0|
    |tmp_9_reg_1561                      |   1|   0|    1|          0|
    +------------------------------------+----+----+-----+-----------+
    |Total                               | 234|   0|  235|          1|
    +------------------------------------+----+----+-----+-----------+



================================================================
== Interface
================================================================
* Summary: 
+--------------------+-----+-----+------------+--------------+--------------+
|      RTL Ports     | Dir | Bits|  Protocol  | Source Object|    C Type    |
+--------------------+-----+-----+------------+--------------+--------------+
|ap_clk              |  in |    1| ap_ctrl_hs |   knn_vote   | return value |
|ap_rst              |  in |    1| ap_ctrl_hs |   knn_vote   | return value |
|ap_start            |  in |    1| ap_ctrl_hs |   knn_vote   | return value |
|ap_done             | out |    1| ap_ctrl_hs |   knn_vote   | return value |
|ap_idle             | out |    1| ap_ctrl_hs |   knn_vote   | return value |
|ap_ready            | out |    1| ap_ctrl_hs |   knn_vote   | return value |
|ap_return           | out |    4| ap_ctrl_hs |   knn_vote   | return value |
|knn_set_V_address0  | out |    5|  ap_memory |   knn_set_V  |     array    |
|knn_set_V_ce0       | out |    1|  ap_memory |   knn_set_V  |     array    |
|knn_set_V_we0       | out |    1|  ap_memory |   knn_set_V  |     array    |
|knn_set_V_d0        | out |    6|  ap_memory |   knn_set_V  |     array    |
|knn_set_V_q0        |  in |    6|  ap_memory |   knn_set_V  |     array    |
|knn_set_V_address1  | out |    5|  ap_memory |   knn_set_V  |     array    |
|knn_set_V_ce1       | out |    1|  ap_memory |   knn_set_V  |     array    |
|knn_set_V_q1        |  in |    6|  ap_memory |   knn_set_V  |     array    |
+--------------------+-----+-----+------------+--------------+--------------+

