

================================================================
== Vivado HLS Report for 'update_knn'
================================================================
* Date:           Mon May  7 01:22:42 2018

* Version:        2017.1 (Build 1846317 on Fri Jul 14 12:21:14 MDT 2017)
* Project:        DigitRec
* Solution:       solution_OCL_REGION_0
* Product family: virtexuplus
* Target device:  xcvu9p-flgb2104-2-i


================================================================
== Performance Estimates
================================================================
+ Timing (ns): 
    * Summary: 
    +--------+-------+----------+------------+
    |  Clock | Target| Estimated| Uncertainty|
    +--------+-------+----------+------------+
    |ap_clk  |   4.00|      2.31|        1.08|
    +--------+-------+----------+------------+

+ Latency (clock cycles): 
    * Summary: 
    +-----+-----+-----+-----+----------+
    |  Latency  |  Interval | Pipeline |
    | min | max | min | max |   Type   |
    +-----+-----+-----+-----+----------+
    |    3|    3|    4|    4| function |
    +-----+-----+-----+-----+----------+

    + Detail: 
        * Instance: 
        N/A

        * Loop: 
        N/A



================================================================
== Utilization Estimates
================================================================
* Summary: 
+-----------------+---------+-------+---------+---------+-----+
|       Name      | BRAM_18K| DSP48E|    FF   |   LUT   | URAM|
+-----------------+---------+-------+---------+---------+-----+
|DSP              |        -|      -|        -|        -|    -|
|Expression       |        -|      -|        0|      579|    -|
|FIFO             |        -|      -|        -|        -|    -|
|Instance         |        -|      -|        -|        -|    -|
|Memory           |        -|      -|        -|        -|    -|
|Multiplexer      |        -|      -|        -|       69|    -|
|Register         |        -|      -|      227|        -|    -|
+-----------------+---------+-------+---------+---------+-----+
|Total            |        0|      0|      227|      648|    0|
+-----------------+---------+-------+---------+---------+-----+
|Available        |     4320|   6840|  2364480|  1182240|  960|
+-----------------+---------+-------+---------+---------+-----+
|Utilization (%)  |        0|      0|    ~0   |    ~0   |    0|
+-----------------+---------+-------+---------+---------+-----+

+ Detail: 
    * Instance: 
    N/A

    * DSP48: 
    N/A

    * Memory: 
    N/A

    * FIFO: 
    N/A

    * Expression: 
    +-------------------------------------------+----------+-------+---+----+------------+------------+
    |               Variable Name               | Operation| DSP48E| FF| LUT| Bitwidth P0| Bitwidth P1|
    +-------------------------------------------+----------+-------+---+----+------------+------------+
    |dist_V_s_fu_1263_p2                        |     +    |      0|  0|  15|           6|           6|
    |sum2_fu_1306_p2                            |     +    |      0|  0|  15|           6|           6|
    |sum_1_fu_208_p2                            |     +    |      0|  0|  15|           1|           6|
    |sum_2_fu_244_p2                            |     +    |      0|  0|  15|           2|           6|
    |tmp10_fu_928_p2                            |     +    |      0|  0|  12|           4|           4|
    |tmp11_fu_938_p2                            |     +    |      0|  0|   5|           2|           2|
    |tmp12_fu_944_p2                            |     +    |      0|  0|   5|           2|           2|
    |tmp13_fu_954_p2                            |     +    |      0|  0|   5|           2|           2|
    |tmp14_fu_960_p2                            |     +    |      0|  0|   5|           2|           2|
    |tmp15_fu_970_p2                            |     +    |      0|  0|  11|           3|           3|
    |tmp16_fu_980_p2                            |     +    |      0|  0|   5|           2|           2|
    |tmp17_fu_986_p2                            |     +    |      0|  0|   5|           2|           2|
    |tmp18_fu_996_p2                            |     +    |      0|  0|   5|           2|           2|
    |tmp19_fu_1002_p2                           |     +    |      0|  0|   5|           2|           2|
    |tmp1_fu_850_p2                             |     +    |      0|  0|   5|           2|           2|
    |tmp20_fu_1012_p2                           |     +    |      0|  0|  11|           3|           3|
    |tmp21_fu_1022_p2                           |     +    |      0|  0|  12|           4|           4|
    |tmp22_fu_1032_p2                           |     +    |      0|  0|  15|           5|           5|
    |tmp23_fu_1038_p2                           |     +    |      0|  0|   5|           2|           2|
    |tmp24_fu_1044_p2                           |     +    |      0|  0|   5|           2|           2|
    |tmp25_fu_1054_p2                           |     +    |      0|  0|   5|           2|           2|
    |tmp26_fu_1060_p2                           |     +    |      0|  0|   5|           2|           2|
    |tmp27_fu_1070_p2                           |     +    |      0|  0|  11|           3|           3|
    |tmp28_fu_1080_p2                           |     +    |      0|  0|   5|           2|           2|
    |tmp29_fu_1086_p2                           |     +    |      0|  0|   5|           2|           2|
    |tmp2_fu_860_p2                             |     +    |      0|  0|   5|           2|           2|
    |tmp30_fu_1096_p2                           |     +    |      0|  0|   5|           2|           2|
    |tmp31_fu_1102_p2                           |     +    |      0|  0|   5|           2|           2|
    |tmp32_fu_1112_p2                           |     +    |      0|  0|  11|           3|           3|
    |tmp33_fu_1122_p2                           |     +    |      0|  0|  12|           4|           4|
    |tmp34_fu_1132_p2                           |     +    |      0|  0|   5|           2|           2|
    |tmp35_fu_1138_p2                           |     +    |      0|  0|   5|           2|           2|
    |tmp36_fu_1148_p2                           |     +    |      0|  0|   5|           2|           2|
    |tmp37_fu_1154_p2                           |     +    |      0|  0|   5|           2|           2|
    |tmp38_fu_1164_p2                           |     +    |      0|  0|  11|           3|           3|
    |tmp39_fu_1174_p2                           |     +    |      0|  0|   5|           2|           2|
    |tmp3_fu_866_p2                             |     +    |      0|  0|   5|           2|           2|
    |tmp40_fu_1180_p2                           |     +    |      0|  0|   5|           2|           2|
    |tmp41_fu_1190_p2                           |     +    |      0|  0|   9|           2|           2|
    |tmp42_fu_1200_p2                           |     +    |      0|  0|   9|           2|           2|
    |tmp43_fu_1210_p2                           |     +    |      0|  0|   5|           3|           3|
    |tmp44_fu_1216_p2                           |     +    |      0|  0|   5|           3|           3|
    |tmp45_fu_1226_p2                           |     +    |      0|  0|  12|           4|           4|
    |tmp46_fu_1236_p2                           |     +    |      0|  0|  15|           5|           5|
    |tmp4_fu_876_p2                             |     +    |      0|  0|  11|           3|           3|
    |tmp5_fu_886_p2                             |     +    |      0|  0|   5|           2|           2|
    |tmp6_fu_892_p2                             |     +    |      0|  0|   5|           2|           2|
    |tmp7_fu_902_p2                             |     +    |      0|  0|   5|           2|           2|
    |tmp8_fu_908_p2                             |     +    |      0|  0|   5|           2|           2|
    |tmp9_fu_918_p2                             |     +    |      0|  0|  11|           3|           3|
    |tmp_fu_844_p2                              |     +    |      0|  0|   5|           2|           2|
    |grp_fu_198_p2                              |   icmp   |      0|  0|  11|           6|           6|
    |tmp_4_fu_1296_p2                           |   icmp   |      0|  0|  11|           6|           6|
    |tmp_s_fu_223_p2                            |   icmp   |      0|  0|  11|           6|           1|
    |tmp_1_fu_1284_p2                           |    or    |      0|  0|   9|           1|           1|
    |max_dist_id_1_1_cast_cast_fu_1277_p3       |  select  |      0|  0|   2|           1|           2|
    |min_distances_V_load_2_018_1_1_fu_1245_p3  |  select  |      0|  0|  32|           1|          32|
    |p_018_1_1_fu_232_p3                        |  select  |      0|  0|  32|           1|          32|
    |p_max_dist_id_1_1_fu_1288_p3               |  select  |      0|  0|   3|           1|           3|
    |p_s_fu_1270_p3                             |  select  |      0|  0|   4|           1|           4|
    |r_V_fu_254_p2                              |    xor   |      0|  0|  71|          64|          64|
    +-------------------------------------------+----------+-------+---+----+------------+------------+
    |Total                                      |          |      0|  0| 579|         220|         292|
    +-------------------------------------------+----------+-------+---+----+------------+------------+

    * Multiplexer: 
    +--------------------------+----+-----------+-----+-----------+
    |           Name           | LUT| Input Size| Bits| Total Bits|
    +--------------------------+----+-----------+-----+-----------+
    |ap_NS_fsm                 |  27|          5|    1|          5|
    |min_distances_V_address0  |  21|          4|    5|         20|
    |min_distances_V_address1  |  21|          4|    5|         20|
    +--------------------------+----+-----------+-----+-----------+
    |Total                     |  69|         13|   11|         45|
    +--------------------------+----+-----------+-----+-----------+

    * Register: 
    +--------------------------+----+----+-----+-----------+
    |           Name           | FF | LUT| Bits| Const Bits|
    +--------------------------+----+----+-----+-----------+
    |ap_CS_fsm                 |   4|   0|    4|          0|
    |ap_port_reg_test_inst_V   |  64|   0|   64|          0|
    |ap_port_reg_train_inst_V  |  64|   0|   64|          0|
    |p_018_1_1_reg_1352        |  32|   0|   32|          0|
    |sum_1_reg_1327            |   6|   0|    6|          0|
    |sum_2_reg_1362            |   6|   0|    6|          0|
    |tmp22_reg_1372            |   5|   0|    5|          0|
    |tmp46_reg_1377            |   5|   0|    5|          0|
    |tmp_52_reg_1321           |   6|   0|    6|          0|
    |tmp_53_reg_1337           |  32|   0|   32|          0|
    |tmp_6_1_reg_1347          |   1|   0|    1|          0|
    |tmp_6_2_reg_1382          |   1|   0|    1|          0|
    |tmp_s_reg_1342            |   1|   0|    1|          0|
    +--------------------------+----+----+-----+-----------+
    |Total                     | 227|   0|  227|          0|
    +--------------------------+----+----+-----+-----------+



================================================================
== Interface
================================================================
* Summary: 
+--------------------------+-----+-----+------------+------------------------+--------------+
|         RTL Ports        | Dir | Bits|  Protocol  |      Source Object     |    C Type    |
+--------------------------+-----+-----+------------+------------------------+--------------+
|ap_clk                    |  in |    1| ap_ctrl_hs |       update_knn       | return value |
|ap_rst                    |  in |    1| ap_ctrl_hs |       update_knn       | return value |
|ap_start                  |  in |    1| ap_ctrl_hs |       update_knn       | return value |
|ap_done                   | out |    1| ap_ctrl_hs |       update_knn       | return value |
|ap_idle                   | out |    1| ap_ctrl_hs |       update_knn       | return value |
|ap_ready                  | out |    1| ap_ctrl_hs |       update_knn       | return value |
|ap_ce                     |  in |    1| ap_ctrl_hs |       update_knn       | return value |
|test_inst_V               |  in |   64|   ap_none  |       test_inst_V      |    scalar    |
|train_inst_V              |  in |   64|   ap_none  |      train_inst_V      |    scalar    |
|min_distances_V_address0  | out |    5|  ap_memory |     min_distances_V    |     array    |
|min_distances_V_ce0       | out |    1|  ap_memory |     min_distances_V    |     array    |
|min_distances_V_q0        |  in |    6|  ap_memory |     min_distances_V    |     array    |
|min_distances_V_address1  | out |    5|  ap_memory |     min_distances_V    |     array    |
|min_distances_V_ce1       | out |    1|  ap_memory |     min_distances_V    |     array    |
|min_distances_V_we1       | out |    1|  ap_memory |     min_distances_V    |     array    |
|min_distances_V_d1        | out |    6|  ap_memory |     min_distances_V    |     array    |
|min_distances_V_q1        |  in |    6|  ap_memory |     min_distances_V    |     array    |
|min_distances_V_offset    |  in |   64|   ap_none  | min_distances_V_offset |    scalar    |
+--------------------------+-----+-----+------------+------------------------+--------------+

