#-----------------------------------------------------------
# Vivado v2017.1_sdx_AR70350 (64-bit)
# SW Build 1933108 on Fri Jul 14 11:54:19 MDT 2017
# IP Build 1908669 on Fri Jul 14 13:31:24 MDT 2017
# Start of session at: Mon Apr 30 23:14:44 2018
# Process ID: 5446
# Current directory: /home/centos/src/project_data/AWS_Projects/cordic/_xocc_cordic_cordic.sw_emu.dir/impl/kernels/cordic/cordic/solution_OCL_REGION_0/impl/ip
# Command line: vivado -notrace -mode batch -source run_ippack.tcl
# Log file: /home/centos/src/project_data/AWS_Projects/cordic/_xocc_cordic_cordic.sw_emu.dir/impl/kernels/cordic/cordic/solution_OCL_REGION_0/impl/ip/vivado.log
# Journal file: /home/centos/src/project_data/AWS_Projects/cordic/_xocc_cordic_cordic.sw_emu.dir/impl/kernels/cordic/cordic/solution_OCL_REGION_0/impl/ip/vivado.jou
#-----------------------------------------------------------
INFO: [Common 17-1460] Use of init.tcl in /opt/Xilinx/SDx/2017.1.op/Vivado/scripts/init.tcl is deprecated. Please use Vivado_init.tcl 
Sourcing tcl script '/opt/Xilinx/SDx/2017.1.op/Vivado/scripts/init.tcl'
0 Beta devices matching pattern found, 0 enabled.
Loaded SDSoC Platform Tcl Library
source run_ippack.tcl -notrace
INFO: [IP_Flow 19-234] Refreshing IP repositories
INFO: [IP_Flow 19-1704] No user IP repositories specified
INFO: [IP_Flow 19-2313] Loaded Vivado IP repository '/opt/Xilinx/SDx/2017.1.op/Vivado/data/ip'.
WARNING: [IP_Flow 19-4832] The IP name 'cordic_ap_sitodp_6_no_dsp_32' you have specified is long. The Windows operating system has path length limitations. It is recommended you use shorter names to reduce the likelihood of issues.
create_ip: Time (s): cpu = 00:00:04 ; elapsed = 00:00:09 . Memory (MB): peak = 1397.523 ; gain = 221.812 ; free physical = 27810 ; free virtual = 67106
INFO: [IP_Flow 19-1686] Generating 'Synthesis' target for IP 'cordic_ap_sitodp_6_no_dsp_32'...
INFO: [IP_Flow 19-1686] Generating 'Simulation' target for IP 'cordic_ap_sitodp_6_no_dsp_32'...
WARNING: [IP_Flow 19-4832] The IP name 'cordic_ap_dcmp_0_no_dsp_64' you have specified is long. The Windows operating system has path length limitations. It is recommended you use shorter names to reduce the likelihood of issues.
INFO: [IP_Flow 19-1686] Generating 'Synthesis' target for IP 'cordic_ap_dcmp_0_no_dsp_64'...
INFO: [IP_Flow 19-1686] Generating 'Simulation' target for IP 'cordic_ap_dcmp_0_no_dsp_64'...
WARNING: [IP_Flow 19-4832] The IP name 'cordic_ap_dmul_13_max_dsp_64' you have specified is long. The Windows operating system has path length limitations. It is recommended you use shorter names to reduce the likelihood of issues.
INFO: [IP_Flow 19-1686] Generating 'Synthesis' target for IP 'cordic_ap_dmul_13_max_dsp_64'...
INFO: [IP_Flow 19-1686] Generating 'Simulation' target for IP 'cordic_ap_dmul_13_max_dsp_64'...
WARNING: [IP_Flow 19-4832] The IP name 'cordic_ap_dadddsub_11_full_dsp_64' you have specified is long. The Windows operating system has path length limitations. It is recommended you use shorter names to reduce the likelihood of issues.
INFO: [IP_Flow 19-1686] Generating 'Synthesis' target for IP 'cordic_ap_dadddsub_11_full_dsp_64'...
INFO: [IP_Flow 19-1686] Generating 'Simulation' target for IP 'cordic_ap_dadddsub_11_full_dsp_64'...
WARNING: [IP_Flow 19-4832] The IP name 'cordic_ap_ddiv_57_no_dsp_64' you have specified is long. The Windows operating system has path length limitations. It is recommended you use shorter names to reduce the likelihood of issues.
INFO: [IP_Flow 19-1686] Generating 'Synthesis' target for IP 'cordic_ap_ddiv_57_no_dsp_64'...
INFO: [IP_Flow 19-1686] Generating 'Simulation' target for IP 'cordic_ap_ddiv_57_no_dsp_64'...
INFO: [IP_Flow 19-234] Refreshing IP repositories
INFO: [IP_Flow 19-1704] No user IP repositories specified
INFO: [IP_Flow 19-2313] Loaded Vivado IP repository '/opt/Xilinx/SDx/2017.1.op/Vivado/data/ip'.
WARNING: [Vivado 12-4404] The CPU emulation flow is not supported when using a packaged XO file with XOCC.
INFO: [Common 17-206] Exiting Vivado at Mon Apr 30 23:15:23 2018...
